* 1bfc66c Agregando 2 p치rrafos
*   1fd9b96 Resolviendo conflicto en estaciones del a침o y fechas de inicio
|\  
| * 3891b50 Agregando las estaciones del a침o
* | 24d29c5 Agregando estaciones del a침o con fecha de inicio
|/  
* 06a31c2 Resolviendo conflicto merge main/html en el documento index.html
*   6ec6fde Resolviendo conflicto merge main/html en el documento index.html
|\  
| * 4354575 Agregando index.js al index.html
* | 9040898 Agregando style.css al index.html
* |   a71378a Merge branch 'js'
|\ \  
| * | a931633 Creando index.js
* | | 8c16d23 Creando style.css
| |/  
|/|   
* | 648fc40 Creando index.html
|/  
* 193cdbc Ignorando archivos .exe
* 5b49fce Creando licencia del repositorio
* 7aad943 Agregando m치s contenido al README
* 5130042 Agregando m치s contenido al README
* d410571 Agregando m치s contenido al README
* 217ba65 Agregando contenido inicial al README
* 75b8000 Primer commit 游땕
